<?xml version="1.0" encoding="UTF-8"?>
<testng-results ignored="3" total="5" passed="2" failed="0" skipped="0">
  <reporter-output>
  </reporter-output>
  <suite started-at="2023-07-17T05:55:10 PDT" name="Default suite" finished-at="2023-07-17T05:55:24 PDT" duration-ms="13949">
    <groups>
    </groups>
    <test started-at="2023-07-17T05:55:10 PDT" name="Default test" finished-at="2023-07-17T05:55:24 PDT" duration-ms="13949">
      <class name="com.test.scripts.TekArchAssignments">
        <test-method is-config="true" signature="setURI()[pri:0, instance:com.test.scripts.TekArchAssignments@52719fb6]" started-at="2023-07-17T05:55:10 PDT" name="setURI" finished-at="2023-07-17T05:55:11 PDT" duration-ms="796" status="PASS">
          <reporter-output>
          </reporter-output>
        </test-method> <!-- setURI -->
        <test-method signature="loginToApi1()[pri:0, instance:com.test.scripts.TekArchAssignments@52719fb6]" started-at="2023-07-17T05:55:11 PDT" name="loginToApi1" finished-at="2023-07-17T05:55:16 PDT" duration-ms="5492" status="PASS">
          <reporter-output>
          </reporter-output>
        </test-method> <!-- loginToApi1 -->
        <test-method signature="getTotalRecLessThan10K()[pri:0, instance:com.test.scripts.TekArchAssignments@52719fb6]" started-at="2023-07-17T05:55:16 PDT" name="getTotalRecLessThan10K" finished-at="2023-07-17T05:55:24 PDT" depends-on-methods="com.test.scripts.TekArchAssignments.loginToApi1" duration-ms="7602" status="PASS">
          <reporter-output>
          </reporter-output>
        </test-method> <!-- getTotalRecLessThan10K -->
      </class> <!-- com.test.scripts.TekArchAssignments -->
    </test> <!-- Default test -->
  </suite> <!-- Default suite -->
</testng-results>
