<?xml version="1.0" encoding="UTF-8"?>
<!-- Generated by org.testng.reporters.JUnitXMLReporter -->
<testsuite ignored="3" hostname="Geetha" failures="0" tests="2" name="Default test" time="13.949" errors="0" timestamp="2023-07-17T05:55:24 PDT">
  <testcase classname="com.test.scripts.TekArchAssignments" name="loginToApi1" time="5.492"/>
  <testcase classname="com.test.scripts.TekArchAssignments" name="getTotalRecLessThan10K" time="7.602"/>
  <testcase classname="com.test.scripts.TekArchAssignments" name="minMaxSalary" time="0.0">
    <ignored/>
  </testcase> <!-- minMaxSalary -->
  <testcase classname="com.test.scripts.TekArchAssignments" name="getTotalNoRecs" time="0.0">
    <ignored/>
  </testcase> <!-- getTotalNoRecs -->
  <testcase classname="com.test.scripts.TekArchAssignments" name="getAllAccounts" time="0.0">
    <ignored/>
  </testcase> <!-- getAllAccounts -->
</testsuite> <!-- Default test -->
